2025-04-11T11:47:50.284-03:00  WARN 8320 --- [Spring-JPA] [main] com.zaxxer.hikari.HikariConfig           : HikariPool-1 - idleTimeout is close to or more than maxLifetime, disabling it.
2025-04-11T11:48:02.652-03:00  WARN 8320 --- [Spring-JPA] [main] JpaBaseConfiguration$JpaWebConfiguration : spring.jpa.open-in-view is enabled by default. Therefore, database queries may be performed during view rendering. Explicitly configure spring.jpa.open-in-view to disable this warning
2025-04-11T11:48:07.425-03:00  WARN 8320 --- [Spring-JPA] [main] o.s.s.c.a.web.builders.WebSecurity       : You are asking Spring Security to ignore Deferred [Mvc [pattern='/v2/api-docs/**'], Ant [pattern='/v2/api-docs/**']]. This is not recommended -- please use permitAll via HttpSecurity#authorizeHttpRequests instead.
2025-04-11T11:48:07.472-03:00  WARN 8320 --- [Spring-JPA] [main] o.s.s.c.a.web.builders.WebSecurity       : You are asking Spring Security to ignore Deferred [Mvc [pattern='/v3/api-docs/**'], Ant [pattern='/v3/api-docs/**']]. This is not recommended -- please use permitAll via HttpSecurity#authorizeHttpRequests instead.
2025-04-11T11:48:07.472-03:00  WARN 8320 --- [Spring-JPA] [main] o.s.s.c.a.web.builders.WebSecurity       : You are asking Spring Security to ignore Deferred [Mvc [pattern='/swagger-resources/**'], Ant [pattern='/swagger-resources/**']]. This is not recommended -- please use permitAll via HttpSecurity#authorizeHttpRequests instead.
2025-04-11T11:48:07.472-03:00  WARN 8320 --- [Spring-JPA] [main] o.s.s.c.a.web.builders.WebSecurity       : You are asking Spring Security to ignore Deferred [Mvc [pattern='/swagger-ui-html'], Ant [pattern='/swagger-ui-html']]. This is not recommended -- please use permitAll via HttpSecurity#authorizeHttpRequests instead.
2025-04-11T11:48:07.473-03:00  WARN 8320 --- [Spring-JPA] [main] o.s.s.c.a.web.builders.WebSecurity       : You are asking Spring Security to ignore Deferred [Mvc [pattern='/swagger-ui/**'], Ant [pattern='/swagger-ui/**']]. This is not recommended -- please use permitAll via HttpSecurity#authorizeHttpRequests instead.
2025-04-11T11:48:07.474-03:00  WARN 8320 --- [Spring-JPA] [main] o.s.s.c.a.web.builders.WebSecurity       : You are asking Spring Security to ignore Deferred [Mvc [pattern='/webjars/**'], Ant [pattern='/webjars/**']]. This is not recommended -- please use permitAll via HttpSecurity#authorizeHttpRequests instead.
2025-04-11T11:48:09.367-03:00  WARN 8284 --- [Spring-JPA] [main] com.zaxxer.hikari.HikariConfig           : HikariPool-1 - idleTimeout is close to or more than maxLifetime, disabling it.
2025-04-11T11:48:40.615-03:00  WARN 7864 --- [Spring] [main] com.zaxxer.hikari.HikariConfig           : HikariPool-1 - idleTimeout is close to or more than maxLifetime, disabling it.
2025-04-11T11:48:47.149-03:00  WARN 7864 --- [Spring] [main] JpaBaseConfiguration$JpaWebConfiguration : spring.jpa.open-in-view is enabled by default. Therefore, database queries may be performed during view rendering. Explicitly configure spring.jpa.open-in-view to disable this warning
2025-04-11T11:48:49.370-03:00  WARN 7864 --- [Spring] [main] o.s.s.c.a.web.builders.WebSecurity       : You are asking Spring Security to ignore Deferred [Mvc [pattern='/v2/api-docs/**'], Ant [pattern='/v2/api-docs/**']]. This is not recommended -- please use permitAll via HttpSecurity#authorizeHttpRequests instead.
2025-04-11T11:48:49.371-03:00  WARN 7864 --- [Spring] [main] o.s.s.c.a.web.builders.WebSecurity       : You are asking Spring Security to ignore Deferred [Mvc [pattern='/v3/api-docs/**'], Ant [pattern='/v3/api-docs/**']]. This is not recommended -- please use permitAll via HttpSecurity#authorizeHttpRequests instead.
2025-04-11T11:48:49.372-03:00  WARN 7864 --- [Spring] [main] o.s.s.c.a.web.builders.WebSecurity       : You are asking Spring Security to ignore Deferred [Mvc [pattern='/swagger-resources/**'], Ant [pattern='/swagger-resources/**']]. This is not recommended -- please use permitAll via HttpSecurity#authorizeHttpRequests instead.
2025-04-11T11:48:49.372-03:00  WARN 7864 --- [Spring] [main] o.s.s.c.a.web.builders.WebSecurity       : You are asking Spring Security to ignore Deferred [Mvc [pattern='/swagger-ui-html'], Ant [pattern='/swagger-ui-html']]. This is not recommended -- please use permitAll via HttpSecurity#authorizeHttpRequests instead.
2025-04-11T11:48:49.372-03:00  WARN 7864 --- [Spring] [main] o.s.s.c.a.web.builders.WebSecurity       : You are asking Spring Security to ignore Deferred [Mvc [pattern='/swagger-ui/**'], Ant [pattern='/swagger-ui/**']]. This is not recommended -- please use permitAll via HttpSecurity#authorizeHttpRequests instead.
2025-04-11T11:48:49.372-03:00  WARN 7864 --- [Spring] [main] o.s.s.c.a.web.builders.WebSecurity       : You are asking Spring Security to ignore Deferred [Mvc [pattern='/webjars/**'], Ant [pattern='/webjars/**']]. This is not recommended -- please use permitAll via HttpSecurity#authorizeHttpRequests instead.
2025-04-11T12:03:25.545-03:00  WARN 4888 --- [Spring] [main] com.zaxxer.hikari.HikariConfig           : HikariPool-1 - idleTimeout is close to or more than maxLifetime, disabling it.
2025-04-11T12:03:32.114-03:00  WARN 4888 --- [Spring] [main] JpaBaseConfiguration$JpaWebConfiguration : spring.jpa.open-in-view is enabled by default. Therefore, database queries may be performed during view rendering. Explicitly configure spring.jpa.open-in-view to disable this warning
2025-04-11T12:03:32.485-03:00 DEBUG 4888 --- [Spring] [main] s.w.s.m.m.a.RequestMappingHandlerMapping : 20 mappings in 'requestMappingHandlerMapping'
2025-04-11T12:03:32.514-03:00 DEBUG 4888 --- [Spring] [main] o.s.w.s.handler.SimpleUrlHandlerMapping  : Patterns [/login] in 'viewControllerHandlerMapping'
2025-04-11T12:03:32.569-03:00 DEBUG 4888 --- [Spring] [main] o.s.w.s.handler.SimpleUrlHandlerMapping  : Patterns [/swagger-ui*/*swagger-initializer.js, /swagger-ui*/**] in 'resourceHandlerMapping'
2025-04-11T12:03:33.901-03:00  WARN 4888 --- [Spring] [main] o.s.s.c.a.web.builders.WebSecurity       : You are asking Spring Security to ignore Deferred [Mvc [pattern='/v2/api-docs/**'], Ant [pattern='/v2/api-docs/**']]. This is not recommended -- please use permitAll via HttpSecurity#authorizeHttpRequests instead.
2025-04-11T12:03:33.902-03:00  WARN 4888 --- [Spring] [main] o.s.s.c.a.web.builders.WebSecurity       : You are asking Spring Security to ignore Deferred [Mvc [pattern='/v3/api-docs/**'], Ant [pattern='/v3/api-docs/**']]. This is not recommended -- please use permitAll via HttpSecurity#authorizeHttpRequests instead.
2025-04-11T12:03:33.903-03:00  WARN 4888 --- [Spring] [main] o.s.s.c.a.web.builders.WebSecurity       : You are asking Spring Security to ignore Deferred [Mvc [pattern='/swagger-resources/**'], Ant [pattern='/swagger-resources/**']]. This is not recommended -- please use permitAll via HttpSecurity#authorizeHttpRequests instead.
2025-04-11T12:03:33.903-03:00  WARN 4888 --- [Spring] [main] o.s.s.c.a.web.builders.WebSecurity       : You are asking Spring Security to ignore Deferred [Mvc [pattern='/swagger-ui-html'], Ant [pattern='/swagger-ui-html']]. This is not recommended -- please use permitAll via HttpSecurity#authorizeHttpRequests instead.
2025-04-11T12:03:33.903-03:00  WARN 4888 --- [Spring] [main] o.s.s.c.a.web.builders.WebSecurity       : You are asking Spring Security to ignore Deferred [Mvc [pattern='/swagger-ui/**'], Ant [pattern='/swagger-ui/**']]. This is not recommended -- please use permitAll via HttpSecurity#authorizeHttpRequests instead.
2025-04-11T12:03:33.903-03:00  WARN 4888 --- [Spring] [main] o.s.s.c.a.web.builders.WebSecurity       : You are asking Spring Security to ignore Deferred [Mvc [pattern='/webjars/**'], Ant [pattern='/webjars/**']]. This is not recommended -- please use permitAll via HttpSecurity#authorizeHttpRequests instead.
2025-04-11T12:03:34.029-03:00 DEBUG 4888 --- [Spring] [main] s.w.s.m.m.a.RequestMappingHandlerAdapter : ControllerAdvice beans: 0 @ModelAttribute, 0 @InitBinder, 1 RequestBodyAdvice, 1 ResponseBodyAdvice
2025-04-11T12:03:34.174-03:00 DEBUG 4888 --- [Spring] [main] .m.m.a.ExceptionHandlerExceptionResolver : ControllerAdvice beans: 2 @ExceptionHandler, 1 ResponseBodyAdvice
2025-04-11T12:04:16.318-03:00  INFO 4888 --- [Spring] [http-nio-8080-exec-1] o.s.web.servlet.DispatcherServlet        : Initializing Servlet 'dispatcherServlet'
2025-04-11T12:04:16.319-03:00 DEBUG 4888 --- [Spring] [http-nio-8080-exec-1] o.s.web.servlet.DispatcherServlet        : Detected StandardServletMultipartResolver
2025-04-11T12:04:16.319-03:00 DEBUG 4888 --- [Spring] [http-nio-8080-exec-1] o.s.web.servlet.DispatcherServlet        : Detected AcceptHeaderLocaleResolver
2025-04-11T12:04:16.320-03:00 DEBUG 4888 --- [Spring] [http-nio-8080-exec-1] o.s.web.servlet.DispatcherServlet        : Detected FixedThemeResolver
2025-04-11T12:04:16.323-03:00 DEBUG 4888 --- [Spring] [http-nio-8080-exec-1] o.s.web.servlet.DispatcherServlet        : Detected org.springframework.web.servlet.view.DefaultRequestToViewNameTranslator@3df05c40
2025-04-11T12:04:16.324-03:00 DEBUG 4888 --- [Spring] [http-nio-8080-exec-1] o.s.web.servlet.DispatcherServlet        : Detected org.springframework.web.servlet.support.SessionFlashMapManager@c534814
2025-04-11T12:04:16.325-03:00 DEBUG 4888 --- [Spring] [http-nio-8080-exec-1] o.s.web.servlet.DispatcherServlet        : enableLoggingRequestDetails='false': request parameters and headers will be masked to prevent unsafe logging of potentially sensitive data
2025-04-11T12:04:16.326-03:00  INFO 4888 --- [Spring] [http-nio-8080-exec-1] o.s.web.servlet.DispatcherServlet        : Completed initialization in 8 ms
2025-04-11T12:07:00.908-03:00 DEBUG 4888 --- [Spring] [http-nio-8080-exec-6] o.s.web.servlet.DispatcherServlet        : GET "/autores", parameters={}
2025-04-11T12:07:00.911-03:00 DEBUG 4888 --- [Spring] [http-nio-8080-exec-6] s.w.s.m.m.a.RequestMappingHandlerMapping : Mapped to com.github.Hugoftf.Spring.JPA.controller.AutorController#encontrandoPorNomeOuNacionalidade(String, String)
2025-04-11T12:07:00.966-03:00  WARN 4888 --- [Spring] [http-nio-8080-exec-6] c.g.H.S.JPA.controller.AutorController   : Pesquisa autores warn
2025-04-11T12:07:00.967-03:00 ERROR 4888 --- [Spring] [http-nio-8080-exec-6] c.g.H.S.JPA.controller.AutorController   : Pesquisa autores error
2025-04-11T12:07:01.065-03:00 DEBUG 4888 --- [Spring] [http-nio-8080-exec-6] o.s.w.s.m.m.a.HttpEntityMethodProcessor  : Using 'application/json', given [*/*] and supported [application/json, application/*+json]
2025-04-11T12:07:01.071-03:00 DEBUG 4888 --- [Spring] [http-nio-8080-exec-6] o.s.w.s.m.m.a.HttpEntityMethodProcessor  : Writing [[AutorDTO[id=3cee93c0-8cf7-43ac-9956-8a03750e854a, nome=Stheffanny, dataNascimento=2005-04-29, nacio (truncated)...]
2025-04-11T12:07:01.185-03:00 DEBUG 4888 --- [Spring] [http-nio-8080-exec-6] o.s.web.servlet.DispatcherServlet        : Completed 200 OK
2025-04-11T12:08:15.904-03:00  INFO 14200 --- [Spring] [main] c.g.H.S.JPA.SpringSecurityApplication    : Starting SpringSecurityApplication using Java 21.0.5 with PID 14200 (C:\Users\HP\Documents\Documents\workspace-spring-tool-suite-4-4.25.0.RELEASE\Spring-Boot-Actuactor\target\classes started by HP in C:\Users\HP\Documents\Documents\workspace-spring-tool-suite-4-4.25.0.RELEASE\Spring-Boot-Actuactor)
2025-04-11T12:08:15.908-03:00 DEBUG 14200 --- [Spring] [main] c.g.H.S.JPA.SpringSecurityApplication    : Running with Spring Boot v3.3.4, Spring v6.1.13
2025-04-11T12:08:15.910-03:00  INFO 14200 --- [Spring] [main] c.g.H.S.JPA.SpringSecurityApplication    : No active profile set, falling back to 1 default profile: "default"
2025-04-11T12:08:21.199-03:00  WARN 14200 --- [Spring] [main] com.zaxxer.hikari.HikariConfig           : HikariPool-1 - idleTimeout is close to or more than maxLifetime, disabling it.
2025-04-11T12:08:29.044-03:00 DEBUG 14200 --- [Spring] [main] c.g.H.S.J.s.JWTCustomAuthentionFilter    : Filter 'JWTCustomAuthentionFilter' configured for use
2025-04-11T12:08:30.849-03:00  WARN 14200 --- [Spring] [main] JpaBaseConfiguration$JpaWebConfiguration : spring.jpa.open-in-view is enabled by default. Therefore, database queries may be performed during view rendering. Explicitly configure spring.jpa.open-in-view to disable this warning
2025-04-11T12:08:31.241-03:00 DEBUG 14200 --- [Spring] [main] s.w.s.m.m.a.RequestMappingHandlerMapping : 20 mappings in 'requestMappingHandlerMapping'
2025-04-11T12:08:31.307-03:00 DEBUG 14200 --- [Spring] [main] o.s.w.s.handler.SimpleUrlHandlerMapping  : Patterns [/login] in 'viewControllerHandlerMapping'
2025-04-11T12:08:31.399-03:00 DEBUG 14200 --- [Spring] [main] o.s.w.s.handler.SimpleUrlHandlerMapping  : Patterns [/swagger-ui*/*swagger-initializer.js, /swagger-ui*/**] in 'resourceHandlerMapping'
2025-04-11T12:08:33.663-03:00  WARN 14200 --- [Spring] [main] o.s.s.c.a.web.builders.WebSecurity       : You are asking Spring Security to ignore Deferred [Mvc [pattern='/v2/api-docs/**'], Ant [pattern='/v2/api-docs/**']]. This is not recommended -- please use permitAll via HttpSecurity#authorizeHttpRequests instead.
2025-04-11T12:08:33.664-03:00  WARN 14200 --- [Spring] [main] o.s.s.c.a.web.builders.WebSecurity       : You are asking Spring Security to ignore Deferred [Mvc [pattern='/v3/api-docs/**'], Ant [pattern='/v3/api-docs/**']]. This is not recommended -- please use permitAll via HttpSecurity#authorizeHttpRequests instead.
2025-04-11T12:08:33.665-03:00  WARN 14200 --- [Spring] [main] o.s.s.c.a.web.builders.WebSecurity       : You are asking Spring Security to ignore Deferred [Mvc [pattern='/swagger-resources/**'], Ant [pattern='/swagger-resources/**']]. This is not recommended -- please use permitAll via HttpSecurity#authorizeHttpRequests instead.
2025-04-11T12:08:33.665-03:00  WARN 14200 --- [Spring] [main] o.s.s.c.a.web.builders.WebSecurity       : You are asking Spring Security to ignore Deferred [Mvc [pattern='/swagger-ui-html'], Ant [pattern='/swagger-ui-html']]. This is not recommended -- please use permitAll via HttpSecurity#authorizeHttpRequests instead.
2025-04-11T12:08:33.666-03:00  WARN 14200 --- [Spring] [main] o.s.s.c.a.web.builders.WebSecurity       : You are asking Spring Security to ignore Deferred [Mvc [pattern='/swagger-ui/**'], Ant [pattern='/swagger-ui/**']]. This is not recommended -- please use permitAll via HttpSecurity#authorizeHttpRequests instead.
2025-04-11T12:08:33.666-03:00  WARN 14200 --- [Spring] [main] o.s.s.c.a.web.builders.WebSecurity       : You are asking Spring Security to ignore Deferred [Mvc [pattern='/webjars/**'], Ant [pattern='/webjars/**']]. This is not recommended -- please use permitAll via HttpSecurity#authorizeHttpRequests instead.
2025-04-11T12:08:33.786-03:00 DEBUG 14200 --- [Spring] [main] s.w.s.m.m.a.RequestMappingHandlerAdapter : ControllerAdvice beans: 0 @ModelAttribute, 0 @InitBinder, 1 RequestBodyAdvice, 1 ResponseBodyAdvice
2025-04-11T12:08:33.848-03:00 DEBUG 14200 --- [Spring] [main] .m.m.a.ExceptionHandlerExceptionResolver : ControllerAdvice beans: 2 @ExceptionHandler, 1 ResponseBodyAdvice
2025-04-11T12:08:34.655-03:00  INFO 14200 --- [Spring] [main] c.g.H.S.JPA.SpringSecurityApplication    : Started SpringSecurityApplication in 19.825 seconds (process running for 20.817)
2025-04-11T12:08:39.631-03:00  INFO 14200 --- [Spring] [http-nio-8080-exec-2] o.s.web.servlet.DispatcherServlet        : Initializing Servlet 'dispatcherServlet'
2025-04-11T12:08:39.632-03:00 DEBUG 14200 --- [Spring] [http-nio-8080-exec-2] o.s.web.servlet.DispatcherServlet        : Detected StandardServletMultipartResolver
2025-04-11T12:08:39.633-03:00 DEBUG 14200 --- [Spring] [http-nio-8080-exec-2] o.s.web.servlet.DispatcherServlet        : Detected AcceptHeaderLocaleResolver
2025-04-11T12:08:39.634-03:00 DEBUG 14200 --- [Spring] [http-nio-8080-exec-2] o.s.web.servlet.DispatcherServlet        : Detected FixedThemeResolver
2025-04-11T12:08:39.636-03:00 DEBUG 14200 --- [Spring] [http-nio-8080-exec-2] o.s.web.servlet.DispatcherServlet        : Detected org.springframework.web.servlet.view.DefaultRequestToViewNameTranslator@d6de944
2025-04-11T12:08:39.636-03:00 DEBUG 14200 --- [Spring] [http-nio-8080-exec-2] o.s.web.servlet.DispatcherServlet        : Detected org.springframework.web.servlet.support.SessionFlashMapManager@7828111d
2025-04-11T12:08:39.637-03:00 DEBUG 14200 --- [Spring] [http-nio-8080-exec-2] o.s.web.servlet.DispatcherServlet        : enableLoggingRequestDetails='false': request parameters and headers will be masked to prevent unsafe logging of potentially sensitive data
2025-04-11T12:08:39.637-03:00  INFO 14200 --- [Spring] [http-nio-8080-exec-2] o.s.web.servlet.DispatcherServlet        : Completed initialization in 5 ms
2025-04-11T12:08:40.248-03:00 DEBUG 14200 --- [Spring] [http-nio-8080-exec-2] o.s.web.servlet.DispatcherServlet        : GET "/autores", parameters={}
2025-04-11T12:08:40.250-03:00 DEBUG 14200 --- [Spring] [http-nio-8080-exec-2] s.w.s.m.m.a.RequestMappingHandlerMapping : Mapped to com.github.Hugoftf.Spring.JPA.controller.AutorController#encontrandoPorNomeOuNacionalidade(String, String)
2025-04-11T12:08:40.324-03:00 TRACE 14200 --- [Spring] [http-nio-8080-exec-2] c.g.H.S.JPA.controller.AutorController   : Pesquisa autores trace
2025-04-11T12:08:40.325-03:00 DEBUG 14200 --- [Spring] [http-nio-8080-exec-2] c.g.H.S.JPA.controller.AutorController   : Pesquisa autores debug
2025-04-11T12:08:40.325-03:00  INFO 14200 --- [Spring] [http-nio-8080-exec-2] c.g.H.S.JPA.controller.AutorController   : Pesquisa autores info
2025-04-11T12:08:40.325-03:00  WARN 14200 --- [Spring] [http-nio-8080-exec-2] c.g.H.S.JPA.controller.AutorController   : Pesquisa autores warn
2025-04-11T12:08:40.325-03:00 ERROR 14200 --- [Spring] [http-nio-8080-exec-2] c.g.H.S.JPA.controller.AutorController   : Pesquisa autores error
2025-04-11T12:08:40.559-03:00 DEBUG 14200 --- [Spring] [http-nio-8080-exec-2] o.s.w.s.m.m.a.HttpEntityMethodProcessor  : Using 'application/json', given [*/*] and supported [application/json, application/*+json]
2025-04-11T12:08:40.607-03:00 DEBUG 14200 --- [Spring] [http-nio-8080-exec-2] o.s.w.s.m.m.a.HttpEntityMethodProcessor  : Writing [[AutorDTO[id=3cee93c0-8cf7-43ac-9956-8a03750e854a, nome=Stheffanny, dataNascimento=2005-04-29, nacio (truncated)...]
2025-04-11T12:08:40.790-03:00 DEBUG 14200 --- [Spring] [http-nio-8080-exec-2] o.s.web.servlet.DispatcherServlet        : Completed 200 OK
2025-04-11T12:11:28.758-03:00  WARN 5116 --- [Spring] [main] com.zaxxer.hikari.HikariConfig           : HikariPool-1 - idleTimeout is close to or more than maxLifetime, disabling it.
2025-04-11T12:11:37.730-03:00  WARN 5116 --- [Spring] [main] JpaBaseConfiguration$JpaWebConfiguration : spring.jpa.open-in-view is enabled by default. Therefore, database queries may be performed during view rendering. Explicitly configure spring.jpa.open-in-view to disable this warning
2025-04-11T12:11:38.081-03:00 DEBUG 5116 --- [Spring] [main] s.w.s.m.m.a.RequestMappingHandlerMapping : 20 mappings in 'requestMappingHandlerMapping'
2025-04-11T12:11:38.263-03:00 DEBUG 5116 --- [Spring] [main] o.s.w.s.handler.SimpleUrlHandlerMapping  : Patterns [/login] in 'viewControllerHandlerMapping'
2025-04-11T12:11:38.454-03:00 DEBUG 5116 --- [Spring] [main] o.s.w.s.handler.SimpleUrlHandlerMapping  : Patterns [/swagger-ui*/*swagger-initializer.js, /swagger-ui*/**] in 'resourceHandlerMapping'
2025-04-11T12:11:40.089-03:00  WARN 5116 --- [Spring] [main] o.s.s.c.a.web.builders.WebSecurity       : You are asking Spring Security to ignore Deferred [Mvc [pattern='/v2/api-docs/**'], Ant [pattern='/v2/api-docs/**']]. This is not recommended -- please use permitAll via HttpSecurity#authorizeHttpRequests instead.
2025-04-11T12:11:40.090-03:00  WARN 5116 --- [Spring] [main] o.s.s.c.a.web.builders.WebSecurity       : You are asking Spring Security to ignore Deferred [Mvc [pattern='/v3/api-docs/**'], Ant [pattern='/v3/api-docs/**']]. This is not recommended -- please use permitAll via HttpSecurity#authorizeHttpRequests instead.
2025-04-11T12:11:40.091-03:00  WARN 5116 --- [Spring] [main] o.s.s.c.a.web.builders.WebSecurity       : You are asking Spring Security to ignore Deferred [Mvc [pattern='/swagger-resources/**'], Ant [pattern='/swagger-resources/**']]. This is not recommended -- please use permitAll via HttpSecurity#authorizeHttpRequests instead.
2025-04-11T12:11:40.093-03:00  WARN 5116 --- [Spring] [main] o.s.s.c.a.web.builders.WebSecurity       : You are asking Spring Security to ignore Deferred [Mvc [pattern='/swagger-ui-html'], Ant [pattern='/swagger-ui-html']]. This is not recommended -- please use permitAll via HttpSecurity#authorizeHttpRequests instead.
2025-04-11T12:11:40.094-03:00  WARN 5116 --- [Spring] [main] o.s.s.c.a.web.builders.WebSecurity       : You are asking Spring Security to ignore Deferred [Mvc [pattern='/swagger-ui/**'], Ant [pattern='/swagger-ui/**']]. This is not recommended -- please use permitAll via HttpSecurity#authorizeHttpRequests instead.
2025-04-11T12:11:40.094-03:00  WARN 5116 --- [Spring] [main] o.s.s.c.a.web.builders.WebSecurity       : You are asking Spring Security to ignore Deferred [Mvc [pattern='/webjars/**'], Ant [pattern='/webjars/**']]. This is not recommended -- please use permitAll via HttpSecurity#authorizeHttpRequests instead.
2025-04-11T12:11:40.793-03:00 DEBUG 5116 --- [Spring] [main] s.w.s.m.m.a.RequestMappingHandlerAdapter : ControllerAdvice beans: 0 @ModelAttribute, 0 @InitBinder, 1 RequestBodyAdvice, 1 ResponseBodyAdvice
2025-04-11T12:11:40.926-03:00 DEBUG 5116 --- [Spring] [main] .m.m.a.ExceptionHandlerExceptionResolver : ControllerAdvice beans: 2 @ExceptionHandler, 1 ResponseBodyAdvice
2025-04-11T12:12:11.364-03:00  INFO 5116 --- [Spring] [http-nio-8080-exec-1] o.s.web.servlet.DispatcherServlet        : Initializing Servlet 'dispatcherServlet'
2025-04-11T12:12:11.365-03:00 DEBUG 5116 --- [Spring] [http-nio-8080-exec-1] o.s.web.servlet.DispatcherServlet        : Detected StandardServletMultipartResolver
2025-04-11T12:12:11.365-03:00 DEBUG 5116 --- [Spring] [http-nio-8080-exec-1] o.s.web.servlet.DispatcherServlet        : Detected AcceptHeaderLocaleResolver
2025-04-11T12:12:11.365-03:00 DEBUG 5116 --- [Spring] [http-nio-8080-exec-1] o.s.web.servlet.DispatcherServlet        : Detected FixedThemeResolver
2025-04-11T12:12:11.367-03:00 DEBUG 5116 --- [Spring] [http-nio-8080-exec-1] o.s.web.servlet.DispatcherServlet        : Detected org.springframework.web.servlet.view.DefaultRequestToViewNameTranslator@664f1c53
2025-04-11T12:12:11.368-03:00 DEBUG 5116 --- [Spring] [http-nio-8080-exec-1] o.s.web.servlet.DispatcherServlet        : Detected org.springframework.web.servlet.support.SessionFlashMapManager@26cd77cc
2025-04-11T12:12:11.369-03:00 DEBUG 5116 --- [Spring] [http-nio-8080-exec-1] o.s.web.servlet.DispatcherServlet        : enableLoggingRequestDetails='false': request parameters and headers will be masked to prevent unsafe logging of potentially sensitive data
2025-04-11T12:12:11.370-03:00  INFO 5116 --- [Spring] [http-nio-8080-exec-1] o.s.web.servlet.DispatcherServlet        : Completed initialization in 4 ms
2025-04-11T12:12:12.208-03:00 DEBUG 5116 --- [Spring] [http-nio-8080-exec-1] o.s.web.servlet.DispatcherServlet        : GET "/autores", parameters={}
2025-04-11T12:12:12.213-03:00 DEBUG 5116 --- [Spring] [http-nio-8080-exec-1] s.w.s.m.m.a.RequestMappingHandlerMapping : Mapped to com.github.Hugoftf.Spring.JPA.controller.AutorController#encontrandoPorNomeOuNacionalidade(String, String)
2025-04-11T12:12:12.299-03:00  WARN 5116 --- [Spring] [http-nio-8080-exec-1] c.g.H.S.JPA.controller.AutorController   : Pesquisa autores warn
2025-04-11T12:12:12.299-03:00 ERROR 5116 --- [Spring] [http-nio-8080-exec-1] c.g.H.S.JPA.controller.AutorController   : Pesquisa autores error
2025-04-11T12:12:12.515-03:00 DEBUG 5116 --- [Spring] [http-nio-8080-exec-1] o.s.w.s.m.m.a.HttpEntityMethodProcessor  : Using 'application/json', given [*/*] and supported [application/json, application/*+json]
2025-04-11T12:12:12.528-03:00 DEBUG 5116 --- [Spring] [http-nio-8080-exec-1] o.s.w.s.m.m.a.HttpEntityMethodProcessor  : Writing [[AutorDTO[id=3cee93c0-8cf7-43ac-9956-8a03750e854a, nome=Stheffanny, dataNascimento=2005-04-29, nacio (truncated)...]
2025-04-11T12:12:12.664-03:00 DEBUG 5116 --- [Spring] [http-nio-8080-exec-1] o.s.web.servlet.DispatcherServlet        : Completed 200 OK
